G:\Projects_Me\VC2010 Projects\prjJFLogEx\prjJFLogEx\Release\cl.command.1.tlog
G:\Projects_Me\VC2010 Projects\prjJFLogEx\prjJFLogEx\Release\CL.read.1.tlog
G:\Projects_Me\VC2010 Projects\prjJFLogEx\prjJFLogEx\Release\CL.write.1.tlog
G:\PROJECTS_ME\VC2010 PROJECTS\PRJJFLOGEX\PRJJFLOGEX\RELEASE\DLLMAIN.OBJ
G:\Projects_Me\VC2010 Projects\prjJFLogEx\prjJFLogEx\Release\link.command.1.tlog
G:\Projects_Me\VC2010 Projects\prjJFLogEx\prjJFLogEx\Release\link.read.1.tlog
G:\Projects_Me\VC2010 Projects\prjJFLogEx\prjJFLogEx\Release\link.write.1.tlog
G:\Projects_Me\VC2010 Projects\prjJFLogEx\prjJFLogEx\Release\link-cvtres.read.1.tlog
G:\Projects_Me\VC2010 Projects\prjJFLogEx\prjJFLogEx\Release\link-cvtres.write.1.tlog
G:\PROJECTS_ME\VC2010 PROJECTS\PRJJFLOGEX\PRJJFLOGEX\RELEASE\LOG.OBJ
G:\PROJECTS_ME\VC2010 PROJECTS\PRJJFLOGEX\PRJJFLOGEX\RELEASE\LOGTEXT.OBJ
G:\Projects_Me\VC2010 Projects\prjJFLogEx\prjJFLogEx\Release\mt.command.1.tlog
G:\Projects_Me\VC2010 Projects\prjJFLogEx\prjJFLogEx\Release\mt.read.1.tlog
G:\Projects_Me\VC2010 Projects\prjJFLogEx\prjJFLogEx\Release\mt.write.1.tlog
G:\PROJECTS_ME\VC2010 PROJECTS\PRJJFLOGEX\PRJJFLOGEX\RELEASE\PRJJFLOGEX.DLL.INTERMEDIATE.MANIFEST
G:\PROJECTS_ME\VC2010 PROJECTS\PRJJFLOGEX\PRJJFLOGEX\RELEASE\PRJJFLOGEX.OBJ
G:\PROJECTS_ME\VC2010 PROJECTS\PRJJFLOGEX\PRJJFLOGEX\RELEASE\PRJJFLOGEX.PCH
G:\PROJECTS_ME\VC2010 PROJECTS\PRJJFLOGEX\PRJJFLOGEX\RELEASE\PRJJFLOGEX.RES
G:\Projects_Me\VC2010 Projects\prjJFLogEx\prjJFLogEx\Release\prjJFLogEx.write.1.tlog
G:\Projects_Me\VC2010 Projects\prjJFLogEx\prjJFLogEx\Release\rc.command.1.tlog
G:\Projects_Me\VC2010 Projects\prjJFLogEx\prjJFLogEx\Release\rc.read.1.tlog
G:\Projects_Me\VC2010 Projects\prjJFLogEx\prjJFLogEx\Release\rc.write.1.tlog
G:\PROJECTS_ME\VC2010 PROJECTS\PRJJFLOGEX\PRJJFLOGEX\RELEASE\STATICPUBFUNC.OBJ
G:\PROJECTS_ME\VC2010 PROJECTS\PRJJFLOGEX\PRJJFLOGEX\RELEASE\STDAFX.OBJ
G:\PROJECTS_ME\VC2010 PROJECTS\PRJJFLOGEX\PRJJFLOGEX\RELEASE\VC100.PDB
G:\PROJECTS_ME\VC2010 PROJECTS\PRJJFLOGEX\RELEASE\PRJJFLOGEX.DLL
G:\Projects_Me\VC2010 Projects\prjJFLogEx\Release\prjJFLogEx.exp
G:\Projects_Me\VC2010 Projects\prjJFLogEx\Release\prjJFLogEx.lib
G:\PROJECTS_ME\VC2010 PROJECTS\PRJJFLOGEX\RELEASE\PRJJFLOGEX.PDB
