G:\PROJECTS_ME\VC2010 PROJECTS\PRJJFLOGEX\DEBUG\JFLOG.DLL
G:\PROJECTS_ME\VC2010 PROJECTS\PRJJFLOGEX\DEBUG\JFLOG.ILK
G:\Projects_Me\VC2010 Projects\prjJFLogEx\Debug\prjJFLogEx.exp
G:\Projects_Me\VC2010 Projects\prjJFLogEx\Debug\prjJFLogEx.lib
G:\PROJECTS_ME\VC2010 PROJECTS\PRJJFLOGEX\DEBUG\PRJJFLOGEX.PDB
G:\Projects_Me\VC2010 Projects\prjJFLogEx\prjJFLogEx\Debug\cl.command.1.tlog
G:\Projects_Me\VC2010 Projects\prjJFLogEx\prjJFLogEx\Debug\CL.read.1.tlog
G:\Projects_Me\VC2010 Projects\prjJFLogEx\prjJFLogEx\Debug\CL.write.1.tlog
G:\PROJECTS_ME\VC2010 PROJECTS\PRJJFLOGEX\PRJJFLOGEX\DEBUG\DLLMAIN.OBJ
G:\Projects_Me\VC2010 Projects\prjJFLogEx\prjJFLogEx\Debug\link.command.1.tlog
G:\Projects_Me\VC2010 Projects\prjJFLogEx\prjJFLogEx\Debug\link.read.1.tlog
G:\Projects_Me\VC2010 Projects\prjJFLogEx\prjJFLogEx\Debug\link.write.1.tlog
G:\Projects_Me\VC2010 Projects\prjJFLogEx\prjJFLogEx\Debug\link-cvtres.read.1.tlog
G:\Projects_Me\VC2010 Projects\prjJFLogEx\prjJFLogEx\Debug\link-cvtres.write.1.tlog
G:\PROJECTS_ME\VC2010 PROJECTS\PRJJFLOGEX\PRJJFLOGEX\DEBUG\LOG.OBJ
G:\PROJECTS_ME\VC2010 PROJECTS\PRJJFLOGEX\PRJJFLOGEX\DEBUG\LOGTEXT.OBJ
G:\Projects_Me\VC2010 Projects\prjJFLogEx\prjJFLogEx\Debug\mt.command.1.tlog
G:\Projects_Me\VC2010 Projects\prjJFLogEx\prjJFLogEx\Debug\mt.read.1.tlog
G:\Projects_Me\VC2010 Projects\prjJFLogEx\prjJFLogEx\Debug\mt.write.1.tlog
G:\PROJECTS_ME\VC2010 PROJECTS\PRJJFLOGEX\PRJJFLOGEX\DEBUG\PRJJFLOGEX.DLL.EMBED.MANIFEST
G:\PROJECTS_ME\VC2010 PROJECTS\PRJJFLOGEX\PRJJFLOGEX\DEBUG\PRJJFLOGEX.DLL.EMBED.MANIFEST.RES
G:\PROJECTS_ME\VC2010 PROJECTS\PRJJFLOGEX\PRJJFLOGEX\DEBUG\PRJJFLOGEX.DLL.INTERMEDIATE.MANIFEST
G:\PROJECTS_ME\VC2010 PROJECTS\PRJJFLOGEX\PRJJFLOGEX\DEBUG\PRJJFLOGEX.OBJ
G:\PROJECTS_ME\VC2010 PROJECTS\PRJJFLOGEX\PRJJFLOGEX\DEBUG\PRJJFLOGEX.PCH
G:\PROJECTS_ME\VC2010 PROJECTS\PRJJFLOGEX\PRJJFLOGEX\DEBUG\PRJJFLOGEX.RES
G:\Projects_Me\VC2010 Projects\prjJFLogEx\prjJFLogEx\Debug\prjJFLogEx.write.1.tlog
G:\Projects_Me\VC2010 Projects\prjJFLogEx\prjJFLogEx\Debug\prjJFLogEx_manifest.rc
G:\Projects_Me\VC2010 Projects\prjJFLogEx\prjJFLogEx\Debug\rc.command.1.tlog
G:\Projects_Me\VC2010 Projects\prjJFLogEx\prjJFLogEx\Debug\rc.read.1.tlog
G:\Projects_Me\VC2010 Projects\prjJFLogEx\prjJFLogEx\Debug\rc.write.1.tlog
G:\PROJECTS_ME\VC2010 PROJECTS\PRJJFLOGEX\PRJJFLOGEX\DEBUG\STATICPUBFUNC.OBJ
G:\PROJECTS_ME\VC2010 PROJECTS\PRJJFLOGEX\PRJJFLOGEX\DEBUG\STDAFX.OBJ
G:\Projects_Me\VC2010 Projects\prjJFLogEx\prjJFLogEx\Debug\vc100.idb
G:\PROJECTS_ME\VC2010 PROJECTS\PRJJFLOGEX\PRJJFLOGEX\DEBUG\VC100.PDB
